[2026-02-25 16:59:45 +0100] [2143445] [INFO] Starting gunicorn 21.2.0
[2026-02-25 16:59:45 +0100] [2143445] [INFO] Listening at: http://0.0.0.0:8000 (2143445)
[2026-02-25 16:59:45 +0100] [2143445] [INFO] Using worker: sync
[2026-02-25 16:59:45 +0100] [2143450] [INFO] Booting worker with pid: 2143450
[2026-02-25 16:59:45 +0100] [2143450] [ERROR] Exception in worker process
Traceback (most recent call last):
  File "/home/fbeueu/.local/lib/python3.6/site-packages/gunicorn/arbiter.py", line 609, in spawn_worker
    worker.init_process()
  File "/home/fbeueu/.local/lib/python3.6/site-packages/gunicorn/workers/base.py", line 134, in init_process
    self.load_wsgi()
  File "/home/fbeueu/.local/lib/python3.6/site-packages/gunicorn/workers/base.py", line 146, in load_wsgi
    self.wsgi = self.app.wsgi()
  File "/home/fbeueu/.local/lib/python3.6/site-packages/gunicorn/app/base.py", line 67, in wsgi
    self.callable = self.load()
  File "/home/fbeueu/.local/lib/python3.6/site-packages/gunicorn/app/wsgiapp.py", line 58, in load
    return self.load_wsgiapp()
  File "/home/fbeueu/.local/lib/python3.6/site-packages/gunicorn/app/wsgiapp.py", line 48, in load_wsgiapp
    return util.import_app(self.app_uri)
  File "/home/fbeueu/.local/lib/python3.6/site-packages/gunicorn/util.py", line 371, in import_app
    mod = importlib.import_module(module)
  File "/usr/lib64/python3.6/importlib/__init__.py", line 126, in import_module
    return _bootstrap._gcd_import(name[level:], package, level)
  File "<frozen importlib._bootstrap>", line 994, in _gcd_import
  File "<frozen importlib._bootstrap>", line 971, in _find_and_load
  File "<frozen importlib._bootstrap>", line 941, in _find_and_load_unlocked
  File "<frozen importlib._bootstrap>", line 219, in _call_with_frames_removed
  File "<frozen importlib._bootstrap>", line 994, in _gcd_import
  File "<frozen importlib._bootstrap>", line 971, in _find_and_load
  File "<frozen importlib._bootstrap>", line 953, in _find_and_load_unlocked
ModuleNotFoundError: No module named 'myapp'
[2026-02-25 16:59:45 +0100] [2143450] [INFO] Worker exiting (pid: 2143450)
[2026-02-25 16:59:45 +0100] [2143445] [ERROR] Worker (pid:2143450) exited with code 3
[2026-02-25 16:59:45 +0100] [2143445] [ERROR] Shutting down: Master
[2026-02-25 16:59:45 +0100] [2143445] [ERROR] Reason: Worker failed to boot.
